{"uuid":"14d469a3-30aa-4621-92b9-5a677de9c313","historyId":"a8095e30a92fa3176338e2972df1abe3","fullName":"Login functionality: User login with valid credential","labels":[{"name":"tag","value":"loginFunc"},{"name":"tag","value":"ValidLogin"},{"name":"host","value":"DESKTOP-2TCCGF8"},{"name":"thread","value":"16648@DESKTOP-2TCCGF8.main(1)"},{"name":"feature","value":"Login functionality"},{"name":"story","value":"User login with valid credential"},{"name":"suite","value":"Login functionality"},{"name":"testClass","value":"User login with valid credential"},{"name":"framework","value":"cucumber4jvm"},{"name":"language","value":"java"},{"name":"gherkin_uri","value":"file:///D:/seasia/project/Framework/src/test/resources/FrameworkFeature/login.feature"},{"name":"package","value":"src.test.resources.FrameworkFeature.login_feature.Login functionality"}],"links":[],"name":"User login with valid credential","status":"failed","statusDetails":{"known":false,"muted":false,"flaky":false,"message":"Assertion Failed\n\texpected [true] but found [false]","trace":"java.lang.AssertionError: Assertion Failed\n\texpected [true] but found [false]\r\n\tat org.testng.asserts.SoftAssert.assertAll(SoftAssert.java:47)\r\n\tat stepdefinition.LoginStepDefinition.verifyUserIsLoggedIn(LoginStepDefinition.java:41)\r\n\tat ✽.Verify user is logged in(file:///D:/seasia/project/Framework/src/test/resources/FrameworkFeature/login.feature:9)\r\n"},"stage":"finished","steps":[{"name":"Given  User is on login page","status":"passed","statusDetails":{"known":false,"muted":false,"flaky":false},"stage":"finished","steps":[],"attachments":[],"parameters":[],"start":1635313524045,"stop":1635313526104},{"name":"When  User fill valid credentials and click on login button","status":"passed","statusDetails":{"known":false,"muted":false,"flaky":false},"stage":"finished","steps":[],"attachments":[],"parameters":[],"start":1635313526106,"stop":1635313526455},{"name":"Then  Verify user is logged in","status":"failed","statusDetails":{"known":false,"muted":false,"flaky":false,"message":"Assertion Failed\n\texpected [true] but found [false]","trace":"java.lang.AssertionError: Assertion Failed\n\texpected [true] but found [false]\r\n\tat org.testng.asserts.SoftAssert.assertAll(SoftAssert.java:47)\r\n\tat stepdefinition.LoginStepDefinition.verifyUserIsLoggedIn(LoginStepDefinition.java:41)\r\n\tat ✽.Verify user is logged in(file:///D:/seasia/project/Framework/src/test/resources/FrameworkFeature/login.feature:9)\r\n"},"stage":"finished","steps":[],"attachments":[],"parameters":[],"start":1635313526456,"stop":1635313528352}],"attachments":[],"parameters":[],"start":1635313521179,"stop":1635313530002}