{"uuid":"e5b7f7bc-1cc5-4389-a60e-c7f5de702b42","historyId":"a8095e30a92fa3176338e2972df1abe3","fullName":"Login functionality: User login with valid credential","labels":[{"name":"tag","value":"loginFunc"},{"name":"tag","value":"ValidLogin"},{"name":"host","value":"DESKTOP-2TCCGF8"},{"name":"thread","value":"6472@DESKTOP-2TCCGF8.main(1)"},{"name":"feature","value":"Login functionality"},{"name":"story","value":"User login with valid credential"},{"name":"suite","value":"Login functionality"},{"name":"testClass","value":"User login with valid credential"},{"name":"framework","value":"cucumber4jvm"},{"name":"language","value":"java"},{"name":"gherkin_uri","value":"file:///D:/seasia/project/Framework/src/test/resources/FrameworkFeature/login.feature"},{"name":"package","value":"src.test.resources.FrameworkFeature.login_feature.Login functionality"}],"links":[],"name":"User login with valid credential","status":"failed","statusDetails":{"known":false,"muted":false,"flaky":false,"message":"The following asserts failed:\n\texpected [true] but found [false],\n\texpected [true] but found [false]","trace":"java.lang.AssertionError: The following asserts failed:\n\texpected [true] but found [false],\n\texpected [true] but found [false]\r\n\tat org.testng.asserts.SoftAssert.assertAll(SoftAssert.java:47)\r\n\tat org.testng.asserts.SoftAssert.assertAll(SoftAssert.java:31)\r\n\tat stepdefinition.LoginStepDefinition.verifyUserIsLoggedIn(LoginStepDefinition.java:43)\r\n\tat ✽.Verify user is logged in(file:///D:/seasia/project/Framework/src/test/resources/FrameworkFeature/login.feature:9)\r\n"},"stage":"finished","steps":[{"name":"Given  User is on login page","status":"passed","statusDetails":{"known":false,"muted":false,"flaky":false},"stage":"finished","steps":[],"attachments":[],"parameters":[],"start":1635313431822,"stop":1635313433899},{"name":"When  User fill valid credentials and click on login button","status":"passed","statusDetails":{"known":false,"muted":false,"flaky":false},"stage":"finished","steps":[],"attachments":[],"parameters":[],"start":1635313433901,"stop":1635313434272},{"name":"Then  Verify user is logged in","status":"failed","statusDetails":{"known":false,"muted":false,"flaky":false,"message":"The following asserts failed:\n\texpected [true] but found [false],\n\texpected [true] but found [false]","trace":"java.lang.AssertionError: The following asserts failed:\n\texpected [true] but found [false],\n\texpected [true] but found [false]\r\n\tat org.testng.asserts.SoftAssert.assertAll(SoftAssert.java:47)\r\n\tat org.testng.asserts.SoftAssert.assertAll(SoftAssert.java:31)\r\n\tat stepdefinition.LoginStepDefinition.verifyUserIsLoggedIn(LoginStepDefinition.java:43)\r\n\tat ✽.Verify user is logged in(file:///D:/seasia/project/Framework/src/test/resources/FrameworkFeature/login.feature:9)\r\n"},"stage":"finished","steps":[],"attachments":[],"parameters":[],"start":1635313434272,"stop":1635313437244}],"attachments":[],"parameters":[],"start":1635313428983,"stop":1635313438356}