{"uuid":"fd1c28bd-74cf-4e8d-837a-cd64763be84e","historyId":"a8095e30a92fa3176338e2972df1abe3","fullName":"Login functionality: User login with valid credential","labels":[{"name":"tag","value":"loginFunc"},{"name":"tag","value":"ValidLogin"},{"name":"host","value":"DESKTOP-2TCCGF8"},{"name":"thread","value":"25540@DESKTOP-2TCCGF8.main(1)"},{"name":"feature","value":"Login functionality"},{"name":"story","value":"User login with valid credential"},{"name":"suite","value":"Login functionality"},{"name":"testClass","value":"User login with valid credential"},{"name":"framework","value":"cucumber4jvm"},{"name":"language","value":"java"},{"name":"gherkin_uri","value":"file:///D:/seasia/project/Framework/src/test/resources/FrameworkFeature/login.feature"},{"name":"package","value":"src.test.resources.FrameworkFeature.login_feature.Login functionality"}],"links":[],"name":"User login with valid credential","status":"failed","statusDetails":{"known":false,"muted":false,"flaky":false,"message":"Assertion Failed\n\texpected [true] but found [false]","trace":"java.lang.AssertionError: Assertion Failed\n\texpected [true] but found [false]\r\n\tat org.testng.asserts.SoftAssert.assertAll(SoftAssert.java:47)\r\n\tat stepdefinition.LoginStepDefinition.verifyUserIsLoggedIn(LoginStepDefinition.java:41)\r\n\tat ✽.Verify user is logged in(file:///D:/seasia/project/Framework/src/test/resources/FrameworkFeature/login.feature:9)\r\n"},"stage":"finished","steps":[{"name":"Given  User is on login page","status":"passed","statusDetails":{"known":false,"muted":false,"flaky":false},"stage":"finished","steps":[],"attachments":[],"parameters":[],"start":1636615138173,"stop":1636615142383},{"name":"When  User fill valid credentials and click on login button","status":"passed","statusDetails":{"known":false,"muted":false,"flaky":false},"stage":"finished","steps":[],"attachments":[],"parameters":[],"start":1636615142387,"stop":1636615142811},{"name":"Then  Verify user is logged in","status":"failed","statusDetails":{"known":false,"muted":false,"flaky":false,"message":"Assertion Failed\n\texpected [true] but found [false]","trace":"java.lang.AssertionError: Assertion Failed\n\texpected [true] but found [false]\r\n\tat org.testng.asserts.SoftAssert.assertAll(SoftAssert.java:47)\r\n\tat stepdefinition.LoginStepDefinition.verifyUserIsLoggedIn(LoginStepDefinition.java:41)\r\n\tat ✽.Verify user is logged in(file:///D:/seasia/project/Framework/src/test/resources/FrameworkFeature/login.feature:9)\r\n"},"stage":"finished","steps":[],"attachments":[],"parameters":[],"start":1636615142812,"stop":1636615144989}],"attachments":[],"parameters":[],"start":1636615134647,"stop":1636615153928}